+ t3 run -s 

*** Creating container 'typo3' ***

/usr/bin/docker create --name typo3 --hostname typo3.travis-job --ulimit nofile=10000:15000 --volume typo3-root:/var/www/localhost --volume typo3-data:/var/lib/typo3-db --publish 127.0.0.1:8080:80 --publish 127.0.0.1:8443:443 --env T3_COMPOSER_MODE= --env T3_DB_TYPE=sqlite undecaf/typo3-in-a-box:10.0-dev

*** Container 'typo3' created ***

/usr/bin/docker start typo3

*** Container 'typo3' started ***

= 0

+ t3 stop -s 

*** Stopping container 'typo3' ***

/usr/bin/docker kill --signal SIGINT typo3

/usr/bin/docker stop --time 5 typo3

*** Container 'typo3' stopped ***

= 0

+ t3 stop -s --rm

*** Stopping container 'typo3' ***

/usr/bin/docker kill --signal SIGINT typo3

/usr/bin/docker container rm typo3

*** Container 'typo3' removed ***

= 0

+ t3 run -s 

*** Creating container 'typo3' ***

/usr/bin/docker create --name typo3 --hostname typo3.travis-job --ulimit nofile=10000:15000 --volume typo3-root:/var/www/localhost --volume typo3-data:/var/lib/typo3-db --publish 127.0.0.1:8080:80 --publish 127.0.0.1:8443:443 --env T3_COMPOSER_MODE= --env T3_DB_TYPE=sqlite undecaf/typo3-in-a-box:10.0-dev

*** Container 'typo3' created ***

/usr/bin/docker start typo3

*** Container 'typo3' started ***

= 0

+ t3 stop -s --rm

*** Stopping container 'typo3' ***

/usr/bin/docker kill --signal SIGINT typo3

/usr/bin/docker stop --time 5 typo3

*** Container 'typo3' stopped ***

/usr/bin/docker container rm typo3

*** Container 'typo3' removed ***

= 0

+ t3 run -s 

*** Creating container 'typo3' ***

/usr/bin/docker create --name typo3 --hostname typo3.travis-job --ulimit nofile=10000:15000 --volume typo3-root:/var/www/localhost --volume typo3-data:/var/lib/typo3-db --publish 127.0.0.1:8080:80 --publish 127.0.0.1:8443:443 --env T3_COMPOSER_MODE= --env T3_DB_TYPE=sqlite undecaf/typo3-in-a-box:10.0-dev

*** Container 'typo3' created ***

/usr/bin/docker start typo3

*** Container 'typo3' started ***

= 0

+ t3 stop -s --rm

*** Stopping container 'typo3' ***

/usr/bin/docker kill --signal SIGINT typo3

/usr/bin/docker stop --time 5 typo3

*** Container 'typo3' stopped ***

/usr/bin/docker container rm typo3

*** Container 'typo3' removed ***

= 0

+ t3 run -s -p 4711,

*** Creating container 'typo3' ***

/usr/bin/docker create --name typo3 --hostname typo3.travis-job --ulimit nofile=10000:15000 --volume typo3-root:/var/www/localhost --volume typo3-data:/var/lib/typo3-db --publish 4711:80 --env T3_COMPOSER_MODE= --env T3_DB_TYPE=sqlite undecaf/typo3-in-a-box:10.0-dev

*** Container 'typo3' created ***

/usr/bin/docker start typo3

*** Container 'typo3' started ***

= 0

+ t3 stop -s --rm

*** Stopping container 'typo3' ***

/usr/bin/docker kill --signal SIGINT typo3

/usr/bin/docker stop --time 5 typo3

*** Container 'typo3' stopped ***

/usr/bin/docker container rm typo3

*** Container 'typo3' removed ***

= 0

+ t3 run -s -p ,4711

*** Creating container 'typo3' ***

/usr/bin/docker create --name typo3 --hostname typo3.travis-job --ulimit nofile=10000:15000 --volume typo3-root:/var/www/localhost --volume typo3-data:/var/lib/typo3-db --publish 4711:443 --env T3_COMPOSER_MODE= --env T3_DB_TYPE=sqlite undecaf/typo3-in-a-box:10.0-dev

*** Container 'typo3' created ***

/usr/bin/docker start typo3

*** Container 'typo3' started ***

= 0

+ t3 stop -s --rm

*** Stopping container 'typo3' ***

/usr/bin/docker kill --signal SIGINT typo3

/usr/bin/docker stop --time 5 typo3

*** Container 'typo3' stopped ***

/usr/bin/docker container rm typo3

*** Container 'typo3' removed ***

= 0

+ t3 run -s -d mariadb -P 127.0.0.1:3000

*** Creating container 'typo3' ***

/usr/bin/docker create --name typo3 --hostname typo3.travis-job --ulimit nofile=10000:15000 --volume typo3-root:/var/www/localhost --volume typo3-data:/var/lib/typo3-db --publish 127.0.0.1:8080:80 --publish 127.0.0.1:8443:443 --publish 127.0.0.1:3000:3306 --env T3_COMPOSER_MODE= --env T3_DB_TYPE=mariadb --env T3_DB_NAME=t3 --env T3_DB_USER=t3 --env T3_DB_PW=t3 --env T3_DB_ROOT_PW=toor undecaf/typo3-in-a-box:10.0-dev

*** Container 'typo3' created ***

/usr/bin/docker start typo3

*** Container 'typo3' started ***

= 0

+ t3 stop -s --rm

*** Stopping container 'typo3' ***

/usr/bin/docker kill --signal SIGINT typo3

/usr/bin/docker stop --time 5 typo3

*** Container 'typo3' stopped ***

/usr/bin/docker container rm typo3

*** Container 'typo3' removed ***

= 0

